[debug] [2023-10-18T08:58:07.284Z] ----------------------------------------------------------------------
[debug] [2023-10-18T08:58:07.287Z] Command:       C:\Program Files\nodejs\node.exe C:\Users\hp\AppData\Roaming\npm\node_modules\firebase-tools\lib\bin\firebase.js init
[debug] [2023-10-18T08:58:07.287Z] CLI Version:   12.7.0
[debug] [2023-10-18T08:58:07.288Z] Platform:      win32
[debug] [2023-10-18T08:58:07.288Z] Node Version:  v18.15.0
[debug] [2023-10-18T08:58:07.290Z] Time:          Wed Oct 18 2023 14:28:07 GMT+0530 (India Standard Time)
[debug] [2023-10-18T08:58:07.290Z] ----------------------------------------------------------------------
[debug] 
[debug] [2023-10-18T08:58:07.305Z] > command requires scopes: ["email","openid","https://www.googleapis.com/auth/cloudplatformprojects.readonly","https://www.googleapis.com/auth/firebase","https://www.googleapis.com/auth/cloud-platform"]
[debug] [2023-10-18T08:58:07.306Z] > authorizing via signed-in user (mahajanh006@gmail.com)
[info] 
     ######## #### ########  ######## ########     ###     ######  ########
     ##        ##  ##     ## ##       ##     ##  ##   ##  ##       ##
     ######    ##  ########  ######   ########  #########  ######  ######
     ##        ##  ##    ##  ##       ##     ## ##     ##       ## ##
     ##       #### ##     ## ######## ########  ##     ##  ######  ########

You're about to initialize a Firebase project in this directory:

  C:\Users\hp\OneDrive\Desktop\Portfolio

[info] 
=== Project Setup
[info] 
[info] First, let's associate this project directory with a Firebase project.
[info] You can create multiple project aliases by running firebase use --add, 
[info] but for now we'll just set up a default project.
[info] 
[debug] [2023-10-18T09:00:36.454Z] >>> [apiv2][query] GET https://firebase.googleapis.com/v1beta1/projects pageSize=100
[debug] [2023-10-18T09:00:38.108Z] <<< [apiv2][status] GET https://firebase.googleapis.com/v1beta1/projects 200
[debug] [2023-10-18T09:00:38.108Z] <<< [apiv2][body] GET https://firebase.googleapis.com/v1beta1/projects [omitted]
[info] i  Using project harshalportfolio (HarshalPortfolio) 
[info] 
=== Hosting Setup
[info] 
[info] Your public directory is the folder (relative to your project directory) that
[info] will contain Hosting assets to be uploaded with firebase deploy. If you
[info] have a build process for your assets, use your build's output directory.
[info] 
[debug] [2023-10-18T09:04:03.277Z] >>> [apiv2][query] GET https://www.gstatic.com/firebasejs/releases.json [none]
[debug] [2023-10-18T09:04:03.648Z] <<< [apiv2][status] GET https://www.gstatic.com/firebasejs/releases.json 200
[debug] [2023-10-18T09:04:03.648Z] <<< [apiv2][body] GET https://www.gstatic.com/firebasejs/releases.json {"current":{"version":"10.5.0","browserURL":"https://www.gstatic.com/firebasejs/10.5.0/firebase.js","packageURL":"https://www.gstatic.com/firebasejs/10.5.0/firebase.tgz"},"live":{"version":"10.5","browserURL":"https://www.gstatic.com/firebasejs/live/10.5/firebase.js","packageURL":"https://www.gstatic.com/firebasejs/live/10.5/firebase.tgz"},"components":{"analytics":"https://www.gstatic.com/firebasejs/10.5.0/firebase-analytics.js","app":"https://www.gstatic.com/firebasejs/10.5.0/firebase-app.js","app-check":"https://www.gstatic.com/firebasejs/10.5.0/firebase-app-check.js","auth":"https://www.gstatic.com/firebasejs/10.5.0/firebase-auth.js","auth/cordova":"https://www.gstatic.com/firebasejs/10.5.0/firebase-auth/cordova.js","functions":"https://www.gstatic.com/firebasejs/10.5.0/firebase-functions.js","firestore":"https://www.gstatic.com/firebasejs/10.5.0/firebase-firestore.js","firestore/lite":"https://www.gstatic.com/firebasejs/10.5.0/firebase-firestore/lite.js","installations":"https://www.gstatic.com/firebasejs/10.5.0/firebase-installations.js","storage":"https://www.gstatic.com/firebasejs/10.5.0/firebase-storage.js","performance":"https://www.gstatic.com/firebasejs/10.5.0/firebase-performance.js","remote-config":"https://www.gstatic.com/firebasejs/10.5.0/firebase-remote-config.js","messaging":"https://www.gstatic.com/firebasejs/10.5.0/firebase-messaging.js","messaging/sw":"https://www.gstatic.com/firebasejs/10.5.0/firebase-messaging/sw.js","database":"https://www.gstatic.com/firebasejs/10.5.0/firebase-database.js","firestore.memory":"https://www.gstatic.com/firebasejs/10.5.0/firebase-firestore.memory.js"}}
[info] +  Wrote y/index.html 
[info] 
[info] i  Detected a .git folder at C:\Users\hp\OneDrive\Desktop\Portfolio 
[info] i  Authorizing with GitHub to upload your service account to a GitHub repository's secrets store. 
[info] 
[info] Visit this URL on this device to log in:
[info] https://github.com/login/oauth/authorize?client_id=89cf50f02ac6aaed3484&state=881106994&redirect_uri=http%3A%2F%2Flocalhost%3A9005&scope=read%3Auser%20repo%20public_repo
[info] 
[info] Waiting for authentication...
[debug] [2023-10-18T09:04:16.135Z] >>> [apiv2][query] POST https://github.com/login/oauth/access_token [none]
[debug] [2023-10-18T09:04:16.135Z] >>> [apiv2][body] POST https://github.com/login/oauth/access_token [stream]
[debug] [2023-10-18T09:04:16.813Z] <<< [apiv2][status] POST https://github.com/login/oauth/access_token 200
[debug] [2023-10-18T09:04:16.814Z] <<< [apiv2][body] POST https://github.com/login/oauth/access_token {"access_token":"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","token_type":"bearer","scope":"read:user,repo"}
[debug] [2023-10-18T09:04:16.820Z] >>> [apiv2][query] GET https://api.github.com/user [none]
[debug] [2023-10-18T09:04:17.338Z] <<< [apiv2][status] GET https://api.github.com/user 200
[debug] [2023-10-18T09:04:17.338Z] <<< [apiv2][body] GET https://api.github.com/user {"login":"HarshalMjn","id":110369391,"node_id":"U_kgDOBpQabw","avatar_url":"https://avatars.githubusercontent.com/u/110369391?v=4","gravatar_id":"","url":"https://api.github.com/users/HarshalMjn","html_url":"https://github.com/HarshalMjn","followers_url":"https://api.github.com/users/HarshalMjn/followers","following_url":"https://api.github.com/users/HarshalMjn/following{/other_user}","gists_url":"https://api.github.com/users/HarshalMjn/gists{/gist_id}","starred_url":"https://api.github.com/users/HarshalMjn/starred{/owner}{/repo}","subscriptions_url":"https://api.github.com/users/HarshalMjn/subscriptions","organizations_url":"https://api.github.com/users/HarshalMjn/orgs","repos_url":"https://api.github.com/users/HarshalMjn/repos","events_url":"https://api.github.com/users/HarshalMjn/events{/privacy}","received_events_url":"https://api.github.com/users/HarshalMjn/received_events","type":"User","site_admin":false,"name":"Harshal Mahajan","company":null,"blog":"","location":"Nashik,India","email":"mahajanh006@gmail.com","hireable":true,"bio":"#Full stack developer ðŸ’¡ðŸ’»\r\n#Computer engineering ðŸ–±ï¸\r\n","twitter_username":"Harshal80109914","public_repos":45,"public_gists":0,"followers":2,"following":10,"created_at":"2022-08-01T04:22:05Z","updated_at":"2023-10-01T05:39:35Z","private_gists":0,"total_private_repos":3,"owned_private_repos":3,"disk_usage":40840,"collaborators":0,"two_factor_authentication":false,"plan":{"name":"free","space":976562499,"collaborators":0,"private_repos":10000}}
[info] 
[info] +  Success! Logged into GitHub as HarshalMjn 
[info] 
